<?xml version="1.0" encoding="UTF-8"?>
<!-- Generated by org.testng.reporters.JUnitXMLReporter -->
<testsuite ignored="7" hostname="Sreeja" failures="0" tests="2" name="Test" time="5.145" errors="0" timestamp="2025-02-06T08:29:23 MST">
  <testcase classname="TestScript.AmazonTestCases" name="TC08" time="0.487"/>
  <testcase classname="TestScript.AmazonTestCases" name="TC08" time="0.367"/>
  <testcase classname="TestScript.AmazonTestCases" name="TC07" time="0.0">
    <ignored/>
  </testcase> <!-- TC07 -->
  <testcase classname="TestScript.AmazonTestCases" name="TC06" time="0.0">
    <ignored/>
  </testcase> <!-- TC06 -->
  <testcase classname="TestScript.AmazonTestCases" name="TC05" time="0.0">
    <ignored/>
  </testcase> <!-- TC05 -->
  <testcase classname="TestScript.AmazonTestCases" name="TC03" time="0.0">
    <ignored/>
  </testcase> <!-- TC03 -->
  <testcase classname="TestScript.AmazonTestCases" name="TC02" time="0.0">
    <ignored/>
  </testcase> <!-- TC02 -->
  <testcase classname="TestScript.AmazonTestCases" name="TC01" time="0.0">
    <ignored/>
  </testcase> <!-- TC01 -->
  <testcase classname="TestScript.AmazonTestCases" name="TC04" time="0.0">
    <ignored/>
  </testcase> <!-- TC04 -->
</testsuite> <!-- Test -->
