<?xml version="1.0" encoding="UTF-8"?>
<testng-results ignored="0" total="2" passed="2" failed="0" skipped="0">
  <reporter-output>
  </reporter-output>
  <suite started-at="2025-02-06T08:29:18 MST" name="Suite" finished-at="2025-02-06T08:29:23 MST" duration-ms="5145">
    <groups>
    </groups>
    <test started-at="2025-02-06T08:29:18 MST" name="Test" finished-at="2025-02-06T08:29:23 MST" duration-ms="5145">
      <class name="TestScript.AmazonTestCases">
        <test-method is-config="true" signature="beforeSuite()[pri:0, instance:TestScript.AmazonTestCases@7161d8d1]" started-at="2025-02-06T08:29:18 MST" name="beforeSuite" finished-at="2025-02-06T08:29:18 MST" duration-ms="9" status="PASS">
          <reporter-output>
          </reporter-output>
        </test-method> <!-- beforeSuite -->
        <test-method is-config="true" signature="beforeTest()[pri:0, instance:TestScript.AmazonTestCases@7161d8d1]" started-at="2025-02-06T08:29:18 MST" name="beforeTest" finished-at="2025-02-06T08:29:18 MST" duration-ms="2" status="PASS">
          <reporter-output>
          </reporter-output>
        </test-method> <!-- beforeTest -->
        <test-method is-config="true" signature="beforeClass()[pri:0, instance:TestScript.AmazonTestCases@7161d8d1]" started-at="2025-02-06T08:29:18 MST" name="beforeClass" finished-at="2025-02-06T08:29:18 MST" duration-ms="0" status="PASS">
          <reporter-output>
          </reporter-output>
        </test-method> <!-- beforeClass -->
        <test-method is-config="true" signature="browserInitialization()[pri:0, instance:TestScript.AmazonTestCases@7161d8d1]" started-at="2025-02-06T08:29:18 MST" name="browserInitialization" finished-at="2025-02-06T08:29:20 MST" duration-ms="2298" status="PASS">
          <reporter-output>
          </reporter-output>
        </test-method> <!-- browserInitialization -->
        <test-method signature="TC08(java.lang.String,java.lang.String)[pri:0, instance:TestScript.AmazonTestCases@7161d8d1]" started-at="2025-02-06T08:29:20 MST" name="TC08" data-provider="testdatas" finished-at="2025-02-06T08:29:21 MST" duration-ms="487" status="PASS">
          <params>
            <param index="0">
              <value>
                <![CDATA[10]]>
              </value>
            </param>
            <param index="1">
              <value>
                <![CDATA[12]]>
              </value>
            </param>
          </params>
          <reporter-output>
          </reporter-output>
        </test-method> <!-- TC08 -->
        <test-method is-config="true" signature="tearDown()[pri:0, instance:TestScript.AmazonTestCases@7161d8d1]" started-at="2025-02-06T08:29:21 MST" name="tearDown" finished-at="2025-02-06T08:29:21 MST" duration-ms="0" status="PASS">
          <reporter-output>
          </reporter-output>
        </test-method> <!-- tearDown -->
        <test-method is-config="true" signature="browserInitialization()[pri:0, instance:TestScript.AmazonTestCases@7161d8d1]" started-at="2025-02-06T08:29:21 MST" name="browserInitialization" finished-at="2025-02-06T08:29:23 MST" duration-ms="1947" status="PASS">
          <reporter-output>
          </reporter-output>
        </test-method> <!-- browserInitialization -->
        <test-method signature="TC08(java.lang.String,java.lang.String)[pri:0, instance:TestScript.AmazonTestCases@7161d8d1]" started-at="2025-02-06T08:29:23 MST" name="TC08" data-provider="testdatas" finished-at="2025-02-06T08:29:23 MST" duration-ms="367" status="PASS">
          <params>
            <param index="0">
              <value>
                <![CDATA[15]]>
              </value>
            </param>
            <param index="1">
              <value>
                <![CDATA[18]]>
              </value>
            </param>
          </params>
          <reporter-output>
          </reporter-output>
        </test-method> <!-- TC08 -->
        <test-method is-config="true" signature="tearDown()[pri:0, instance:TestScript.AmazonTestCases@7161d8d1]" started-at="2025-02-06T08:29:23 MST" name="tearDown" finished-at="2025-02-06T08:29:23 MST" duration-ms="1" status="PASS">
          <reporter-output>
          </reporter-output>
        </test-method> <!-- tearDown -->
        <test-method is-config="true" signature="afterClass()[pri:0, instance:TestScript.AmazonTestCases@7161d8d1]" started-at="2025-02-06T08:29:23 MST" name="afterClass" finished-at="2025-02-06T08:29:23 MST" duration-ms="0" status="PASS">
          <reporter-output>
          </reporter-output>
        </test-method> <!-- afterClass -->
        <test-method is-config="true" signature="afterTest()[pri:0, instance:TestScript.AmazonTestCases@7161d8d1]" started-at="2025-02-06T08:29:23 MST" name="afterTest" finished-at="2025-02-06T08:29:23 MST" duration-ms="1" status="PASS">
          <reporter-output>
          </reporter-output>
        </test-method> <!-- afterTest -->
        <test-method is-config="true" signature="afterSuite()[pri:0, instance:TestScript.AmazonTestCases@7161d8d1]" started-at="2025-02-06T08:29:23 MST" name="afterSuite" finished-at="2025-02-06T08:29:23 MST" duration-ms="1" status="PASS">
          <reporter-output>
          </reporter-output>
        </test-method> <!-- afterSuite -->
      </class> <!-- TestScript.AmazonTestCases -->
    </test> <!-- Test -->
  </suite> <!-- Suite -->
</testng-results>
